<?xml version="1.0" encoding="UTF-8"?>
<testsuite name="Vector2dTest" tests="9" skipped="0" failures="0" errors="0" timestamp="2022-10-19T11:36:56" hostname="DESKTOP-TAT0ORQ" time="0.057">
  <properties/>
  <testcase name="vectorsLowerLeft()" classname="Vector2dTest" time="0.027"/>
  <testcase name="VectorsPrecedes()" classname="Vector2dTest" time="0.002"/>
  <testcase name="VectorSubtract()" classname="Vector2dTest" time="0.001"/>
  <testcase name="VectorToString()" classname="Vector2dTest" time="0.013"/>
  <testcase name="VectorEquals()" classname="Vector2dTest" time="0.002"/>
  <testcase name="vectorsUpperRight()" classname="Vector2dTest" time="0.001"/>
  <testcase name="vectorsCanBeAdded()" classname="Vector2dTest" time="0.001"/>
  <testcase name="CextorsFollows()" classname="Vector2dTest" time="0.001"/>
  <testcase name="VectorOpposite()" classname="Vector2dTest" time="0.001"/>
  <system-out><![CDATA[]]></system-out>
  <system-err><![CDATA[]]></system-err>
</testsuite>
